<?xml version="1.0" encoding="UTF-8"?>
<!-- Generated by org.testng.reporters.JUnitXMLReporter -->
<testsuite ignored="0" hostname="Admin-PC" failures="2" tests="25" name="Surefire test" time="46.187" errors="0" timestamp="2026-03-17T21:30:58 GMT+07:00">
  <testcase classname="tests.CheckoutTest" name="testCheckoutRandom" time="0.855"/>
  <testcase classname="tests.FlakySimulationTest" name="testFlakyScenario" time="0.001">
    <failure type="java.lang.AssertionError" message="Mo phong loi mang tam thoi - lan 1">
      <![CDATA[java.lang.AssertionError: Mo phong loi mang tam thoi - lan 1
at tests.FlakySimulationTest.testFlakyScenario(FlakySimulationTest.java:17)
at java.base/java.util.ArrayList.forEach(ArrayList.java:1511)
... Removed 33 stack frames]]>
    </failure>
  </testcase> <!-- testFlakyScenario -->
  <testcase classname="tests.LoginDataDrivenTest" name="" time="0.295"/>
  <testcase classname="tests.LoginDataDrivenTest" name="Login OK 1" time="0.241"/>
  <testcase classname="tests.LoginDataDrivenTest" name="Login OK 2" time="0.235"/>
  <testcase classname="tests.LoginDataDrivenTest" name="Login OK 3" time="0.214"/>
  <testcase classname="tests.LoginDataDrivenTest" name="Sai pass" time="0.238"/>
  <testcase classname="tests.LoginDataDrivenTest" name="Bị khóa" time="0.206"/>
  <testcase classname="tests.LoginDataDrivenTest" name="Thiếu user" time="0.206"/>
  <testcase classname="tests.LoginDataDrivenTest" name="Thiếu pass" time="0.215"/>
  <testcase classname="tests.LoginDataDrivenTest" name="Sai hết" time="0.291"/>
  <testcase classname="tests.LoginDataDrivenTest" name="User dài" time="0.22"/>
  <testcase classname="tests.LoginDataDrivenTest" name="ký tự đặc biệt" time="0.23"/>
  <testcase classname="tests.LoginDataDrivenTest" name="SQL injection" time="0.237"/>
  <testcase classname="tests.LoginDataDrivenTest" name="random" time="0.243"/>
  <testcase classname="tests.LoginDataDrivenTest" name="Login OK 1" time="0.229"/>
  <testcase classname="tests.LoginDataDrivenTest" name="Login OK 2" time="0.245"/>
  <testcase classname="tests.LoginTest" name="test1" time="0.041"/>
  <testcase classname="tests.LoginTest" name="test2" time="0.05"/>
  <testcase classname="tests.LoginTest" name="testFail" time="0.042">
    <failure type="java.lang.AssertionError" message="expected [B] but found [A]">
      <![CDATA[java.lang.AssertionError: expected [B] but found [A]
at tests.LoginTest.testFail(LoginTest.java:24)
at java.base/java.util.ArrayList.forEach(ArrayList.java:1511)
... Removed 38 stack frames]]>
    </failure>
  </testcase> <!-- testFail -->
  <testcase classname="tests.UserLoginTest" name="" time="0.226"/>
  <testcase classname="tests.UserLoginTest" name="Login success standard user" time="0.208"/>
  <testcase classname="tests.UserLoginTest" name="Login locked user" time="0.262"/>
  <testcase classname="tests.UserLoginTest" name="Wrong password" time="0.207"/>
  <testcase classname="tests.UserLoginTest" name="Empty username" time="0.205"/>
</testsuite> <!-- Surefire test -->
