<?xml version="1.0" encoding="UTF-8"?>
<!-- Generated by org.testng.reporters.JUnitXMLReporter -->
<testsuite ignored="0" hostname="Admin-PC" failures="1" tests="1" name="Flaky Test Verification" time="2.127" errors="0" timestamp="2026-03-17T21:33:25 GMT+07:00">
  <testcase classname="tests.FlakySimulationTest" name="testFlakyScenario" time="0.003">
    <failure type="java.lang.AssertionError" message="Mo phong loi mang tam thoi - lan 1">
      <![CDATA[java.lang.AssertionError: Mo phong loi mang tam thoi - lan 1
at tests.FlakySimulationTest.testFlakyScenario(FlakySimulationTest.java:17)
at java.base/java.util.ArrayList.forEach(ArrayList.java:1511)
... Removed 32 stack frames]]>
    </failure>
  </testcase> <!-- testFlakyScenario -->
</testsuite> <!-- Flaky Test Verification -->
