<?xml version="1.0" encoding="UTF-8"?>
<!-- Generated by org.testng.reporters.JUnitReportReporter -->
<testsuite hostname="Admin-PC" failures="0" tests="15" name="tests.LoginDataDrivenTest" time="27.169" errors="0" timestamp="2026-03-17T15:20:03 GMT+07:00" skipped="0">
  <testcase classname="tests.LoginDataDrivenTest" name="testLoginAll" time="1.809"/>
  <testcase classname="tests.LoginDataDrivenTest" name="testLoginAll" time="1.776"/>
  <testcase classname="tests.LoginDataDrivenTest" name="testLoginAll" time="1.815"/>
  <testcase classname="tests.LoginDataDrivenTest" name="testLoginAll" time="1.885"/>
  <testcase classname="tests.LoginDataDrivenTest" name="testLoginAll" time="1.726"/>
  <testcase classname="tests.LoginDataDrivenTest" name="testLoginSmoke" time="1.642"/>
  <testcase classname="tests.LoginDataDrivenTest" name="testLoginSmoke" time="1.895"/>
  <testcase classname="tests.LoginDataDrivenTest" name="testLoginSmoke" time="1.840"/>
  <testcase classname="tests.LoginDataDrivenTest" name="testLoginAll" time="1.611"/>
  <testcase classname="tests.LoginDataDrivenTest" name="testLoginAll" time="1.737"/>
  <testcase classname="tests.LoginDataDrivenTest" name="testLoginAll" time="2.442"/>
  <testcase classname="tests.LoginDataDrivenTest" name="testLoginAll" time="1.759"/>
  <testcase classname="tests.LoginDataDrivenTest" name="testLoginAll" time="1.633"/>
  <testcase classname="tests.LoginDataDrivenTest" name="testLoginAll" time="1.705"/>
  <testcase classname="tests.LoginDataDrivenTest" name="testLoginAll" time="1.894"/>
</testsuite> <!-- tests.LoginDataDrivenTest -->
