<?xml version="1.0" encoding="UTF-8"?>
<!-- Generated by org.testng.reporters.JUnitReportReporter -->
<testsuite hostname="Admin-PC" failures="0" tests="5" name="tests.UserLoginTest" time="9.223" errors="0" timestamp="2026-03-17T21:30:58 GMT+07:00" skipped="0">
  <testcase classname="tests.UserLoginTest" name="testLoginJson" time="1.394"/>
  <testcase classname="tests.UserLoginTest" name="testLoginJson" time="1.782"/>
  <testcase classname="tests.UserLoginTest" name="testLoginJson" time="1.765"/>
  <testcase classname="tests.UserLoginTest" name="testLoginJson" time="2.020"/>
  <testcase classname="tests.UserLoginTest" name="testLoginJson" time="2.262"/>
</testsuite> <!-- tests.UserLoginTest -->
