<?xml version="1.0" encoding="UTF-8"?>
<!-- Generated by org.testng.reporters.JUnitReportReporter -->
<testsuite hostname="Admin-PC" failures="0" tests="3" name="tests.FlakySimulationTest" time="5.053" errors="0" timestamp="2026-03-17T21:36:31 GMT+07:00" skipped="2">
  <testcase classname="tests.FlakySimulationTest" name="testFlakyScenario" time="1.272">
    <skipped/>
  </testcase> <!-- testFlakyScenario -->
  <testcase classname="tests.FlakySimulationTest" name="testFlakyScenario" time="2.221"/>
  <testcase classname="tests.FlakySimulationTest" name="testFlakyScenario" time="1.560">
    <skipped/>
  </testcase> <!-- testFlakyScenario -->
</testsuite> <!-- tests.FlakySimulationTest -->
