<?xml version="1.0" encoding="UTF-8"?>
<!-- Generated by org.testng.reporters.JUnitReportReporter -->
<testsuite hostname="Admin-PC" failures="0" tests="15" name="tests.LoginDataDrivenTest" time="27.286" errors="0" timestamp="2026-03-17T21:30:58 GMT+07:00" skipped="0">
  <testcase classname="tests.LoginDataDrivenTest" name="testLoginAll" time="1.453"/>
  <testcase classname="tests.LoginDataDrivenTest" name="testLoginAll" time="1.961"/>
  <testcase classname="tests.LoginDataDrivenTest" name="testLoginSmoke" time="2.028"/>
  <testcase classname="tests.LoginDataDrivenTest" name="testLoginSmoke" time="1.820"/>
  <testcase classname="tests.LoginDataDrivenTest" name="testLoginAll" time="1.789"/>
  <testcase classname="tests.LoginDataDrivenTest" name="testLoginAll" time="2.462"/>
  <testcase classname="tests.LoginDataDrivenTest" name="testLoginAll" time="1.533"/>
  <testcase classname="tests.LoginDataDrivenTest" name="testLoginAll" time="2.151"/>
  <testcase classname="tests.LoginDataDrivenTest" name="testLoginAll" time="1.927"/>
  <testcase classname="tests.LoginDataDrivenTest" name="testLoginAll" time="1.468"/>
  <testcase classname="tests.LoginDataDrivenTest" name="testLoginSmoke" time="1.786"/>
  <testcase classname="tests.LoginDataDrivenTest" name="testLoginAll" time="1.788"/>
  <testcase classname="tests.LoginDataDrivenTest" name="testLoginAll" time="1.578"/>
  <testcase classname="tests.LoginDataDrivenTest" name="testLoginAll" time="1.719"/>
  <testcase classname="tests.LoginDataDrivenTest" name="testLoginAll" time="1.823"/>
</testsuite> <!-- tests.LoginDataDrivenTest -->
