<?xml version="1.0" encoding="UTF-8"?>
<!-- Generated by org.testng.reporters.JUnitXMLReporter -->
<testsuite ignored="0" hostname="Admin-PC" failures="0" tests="3" name="Flaky Test Verification" time="5.092" errors="0" timestamp="2026-03-17T21:36:31 GMT+07:00">
  <testcase classname="tests.FlakySimulationTest" name="testFlakyScenario" time="0.003">
    <skipped/>
  </testcase> <!-- testFlakyScenario -->
  <testcase classname="tests.FlakySimulationTest" name="testFlakyScenario" time="0.0">
    <skipped/>
  </testcase> <!-- testFlakyScenario -->
  <testcase classname="tests.FlakySimulationTest" name="testFlakyScenario" time="0.002"/>
</testsuite> <!-- Flaky Test Verification -->
