<?xml version="1.0" encoding="UTF-8"?>
<!-- Generated by org.testng.reporters.JUnitXMLReporter -->
<testsuite ignored="0" hostname="Admin-PC" failures="0" tests="15" name="Surefire test" time="27.936" errors="0" timestamp="2026-03-17T15:20:03 GMT+07:00">
  <testcase classname="tests.LoginDataDrivenTest" name="" time="0.442"/>
  <testcase classname="tests.LoginDataDrivenTest" name="Login OK 1" time="0.396"/>
  <testcase classname="tests.LoginDataDrivenTest" name="Login OK 2" time="0.415"/>
  <testcase classname="tests.LoginDataDrivenTest" name="Login OK 3" time="0.407"/>
  <testcase classname="tests.LoginDataDrivenTest" name="Sai pass" time="0.458"/>
  <testcase classname="tests.LoginDataDrivenTest" name="Bị khóa" time="0.267"/>
  <testcase classname="tests.LoginDataDrivenTest" name="Thiếu user" time="0.373"/>
  <testcase classname="tests.LoginDataDrivenTest" name="Thiếu pass" time="0.333"/>
  <testcase classname="tests.LoginDataDrivenTest" name="Sai hết" time="0.362"/>
  <testcase classname="tests.LoginDataDrivenTest" name="User dài" time="0.36"/>
  <testcase classname="tests.LoginDataDrivenTest" name="ký tự đặc biệt" time="0.377"/>
  <testcase classname="tests.LoginDataDrivenTest" name="SQL injection" time="0.582"/>
  <testcase classname="tests.LoginDataDrivenTest" name="random" time="0.341"/>
  <testcase classname="tests.LoginDataDrivenTest" name="Login OK 1" time="0.476"/>
  <testcase classname="tests.LoginDataDrivenTest" name="Login OK 2" time="0.41"/>
</testsuite> <!-- Surefire test -->
